<?xml version="1.0" encoding="UTF-8"?>
<testsuite xmlns:xsi="http://www.w3.org/2001/XMLSchema-instance" xsi:noNamespaceSchemaLocation="https://maven.apache.org/surefire/maven-surefire-plugin/xsd/surefire-test-report.xsd" version="3.0.1" name="TQS.lab8.ex1.sets.BoundedSetOfNaturalsTest" time="0.047" tests="6" errors="0" skipped="0" failures="0">
  <properties>
    <property name="java.specification.version" value="21"/>
    <property name="sun.jnu.encoding" value="UTF-8"/>
    <property name="java.class.path" value="/mnt/c/users/João Morais/Desktop/TQS/TQS_103730/lab8/ex1/target/test-classes:/mnt/c/users/João Morais/Desktop/TQS/TQS_103730/lab8/ex1/target/classes:/home/bruhlin/.m2/repository/org/junit/jupiter/junit-jupiter-api/5.11.0/junit-jupiter-api-5.11.0.jar:/home/bruhlin/.m2/repository/org/opentest4j/opentest4j/1.3.0/opentest4j-1.3.0.jar:/home/bruhlin/.m2/repository/org/junit/platform/junit-platform-commons/1.11.0/junit-platform-commons-1.11.0.jar:/home/bruhlin/.m2/repository/org/apiguardian/apiguardian-api/1.1.2/apiguardian-api-1.1.2.jar:/home/bruhlin/.m2/repository/org/slf4j/slf4j-api/2.0.16/slf4j-api-2.0.16.jar:/home/bruhlin/.m2/repository/ch/qos/logback/logback-classic/1.5.16/logback-classic-1.5.16.jar:/home/bruhlin/.m2/repository/ch/qos/logback/logback-core/1.5.16/logback-core-1.5.16.jar:/home/bruhlin/.m2/repository/org/jacoco/jacoco-maven-plugin/0.8.12/jacoco-maven-plugin-0.8.12.jar:/home/bruhlin/.m2/repository/org/codehaus/plexus/plexus-utils/3.0.24/plexus-utils-3.0.24.jar:/home/bruhlin/.m2/repository/org/apache/maven/shared/file-management/3.1.0/file-management-3.1.0.jar:/home/bruhlin/.m2/repository/commons-io/commons-io/2.11.0/commons-io-2.11.0.jar:/home/bruhlin/.m2/repository/org/apache/maven/reporting/maven-reporting-api/3.0/maven-reporting-api-3.0.jar:/home/bruhlin/.m2/repository/org/apache/maven/doxia/doxia-sink-api/1.0/doxia-sink-api-1.0.jar:/home/bruhlin/.m2/repository/org/jacoco/org.jacoco.agent/0.8.12/org.jacoco.agent-0.8.12-runtime.jar:/home/bruhlin/.m2/repository/org/jacoco/org.jacoco.core/0.8.12/org.jacoco.core-0.8.12.jar:/home/bruhlin/.m2/repository/org/ow2/asm/asm/9.7/asm-9.7.jar:/home/bruhlin/.m2/repository/org/ow2/asm/asm-commons/9.7/asm-commons-9.7.jar:/home/bruhlin/.m2/repository/org/ow2/asm/asm-tree/9.7/asm-tree-9.7.jar:/home/bruhlin/.m2/repository/org/jacoco/org.jacoco.report/0.8.12/org.jacoco.report-0.8.12.jar:/home/bruhlin/.m2/repository/org/sonarsource/scanner/maven/sonar-maven-plugin/5.1.0.4751/sonar-maven-plugin-5.1.0.4751.jar:/home/bruhlin/.m2/repository/org/codehaus/plexus/plexus-sec-dispatcher/2.0/plexus-sec-dispatcher-2.0.jar:/home/bruhlin/.m2/repository/org/codehaus/plexus/plexus-cipher/2.0/plexus-cipher-2.0.jar:/home/bruhlin/.m2/repository/javax/inject/javax.inject/1/javax.inject-1.jar:/home/bruhlin/.m2/repository/org/sonarsource/scanner/lib/sonar-scanner-java-library/3.3.1.450/sonar-scanner-java-library-3.3.1.450.jar:/home/bruhlin/.m2/repository/com/squareup/okhttp3/okhttp/4.12.0/okhttp-4.12.0.jar:/home/bruhlin/.m2/repository/com/squareup/okio/okio/3.6.0/okio-3.6.0.jar:/home/bruhlin/.m2/repository/com/squareup/okio/okio-jvm/3.6.0/okio-jvm-3.6.0.jar:/home/bruhlin/.m2/repository/org/jetbrains/kotlin/kotlin-stdlib-common/1.9.10/kotlin-stdlib-common-1.9.10.jar:/home/bruhlin/.m2/repository/org/jetbrains/kotlin/kotlin-stdlib-jdk8/1.8.21/kotlin-stdlib-jdk8-1.8.21.jar:/home/bruhlin/.m2/repository/org/jetbrains/kotlin/kotlin-stdlib/1.8.21/kotlin-stdlib-1.8.21.jar:/home/bruhlin/.m2/repository/org/jetbrains/annotations/13.0/annotations-13.0.jar:/home/bruhlin/.m2/repository/org/jetbrains/kotlin/kotlin-stdlib-jdk7/1.8.21/kotlin-stdlib-jdk7-1.8.21.jar:/home/bruhlin/.m2/repository/com/squareup/okhttp3/okhttp-urlconnection/4.12.0/okhttp-urlconnection-4.12.0.jar:/home/bruhlin/.m2/repository/com/squareup/okhttp3/logging-interceptor/4.12.0/logging-interceptor-4.12.0.jar:/home/bruhlin/.m2/repository/com/google/code/gson/gson/2.11.0/gson-2.11.0.jar:/home/bruhlin/.m2/repository/com/google/errorprone/error_prone_annotations/2.27.0/error_prone_annotations-2.27.0.jar:/home/bruhlin/.m2/repository/org/apache/commons/commons-compress/1.27.1/commons-compress-1.27.1.jar:/home/bruhlin/.m2/repository/commons-codec/commons-codec/1.17.1/commons-codec-1.17.1.jar:/home/bruhlin/.m2/repository/org/sonarsource/scanner/lib/sonar-scanner-java-library-batch-interface/3.3.1.450/sonar-scanner-java-library-batch-interface-3.3.1.450.jar:/home/bruhlin/.m2/repository/io/github/hakky54/sslcontext-kickstart/8.3.6/sslcontext-kickstart-8.3.6.jar:/home/bruhlin/.m2/repository/org/bouncycastle/bcprov-jdk18on/1.78.1/bcprov-jdk18on-1.78.1.jar:/home/bruhlin/.m2/repository/org/apache/commons/commons-lang3/3.14.0/commons-lang3-3.14.0.jar:/home/bruhlin/.m2/repository/org/junit/jupiter/junit-jupiter-params/5.11.0/junit-jupiter-params-5.11.0.jar:"/>
    <property name="java.vm.vendor" value="Ubuntu"/>
    <property name="sun.arch.data.model" value="64"/>
    <property name="java.vendor.url" value="https://ubuntu.com/"/>
    <property name="os.name" value="Linux"/>
    <property name="java.vm.specification.version" value="21"/>
    <property name="sun.java.launcher" value="SUN_STANDARD"/>
    <property name="sun.boot.library.path" value="/usr/lib/jvm/java-21-openjdk-amd64/lib"/>
    <property name="sun.java.command" value="/mnt/c/users/João Morais/Desktop/TQS/TQS_103730/lab8/ex1/target/surefire/surefirebooter-20250404160425149_3.jar /mnt/c/users/João Morais/Desktop/TQS/TQS_103730/lab8/ex1/target/surefire 2025-04-04T16-04-20_612-jvmRun1 surefire-20250404160425149_1tmp surefire_0-20250404160425149_2tmp"/>
    <property name="jdk.debug" value="release"/>
    <property name="surefire.test.class.path" value="/mnt/c/users/João Morais/Desktop/TQS/TQS_103730/lab8/ex1/target/test-classes:/mnt/c/users/João Morais/Desktop/TQS/TQS_103730/lab8/ex1/target/classes:/home/bruhlin/.m2/repository/org/junit/jupiter/junit-jupiter-api/5.11.0/junit-jupiter-api-5.11.0.jar:/home/bruhlin/.m2/repository/org/opentest4j/opentest4j/1.3.0/opentest4j-1.3.0.jar:/home/bruhlin/.m2/repository/org/junit/platform/junit-platform-commons/1.11.0/junit-platform-commons-1.11.0.jar:/home/bruhlin/.m2/repository/org/apiguardian/apiguardian-api/1.1.2/apiguardian-api-1.1.2.jar:/home/bruhlin/.m2/repository/org/slf4j/slf4j-api/2.0.16/slf4j-api-2.0.16.jar:/home/bruhlin/.m2/repository/ch/qos/logback/logback-classic/1.5.16/logback-classic-1.5.16.jar:/home/bruhlin/.m2/repository/ch/qos/logback/logback-core/1.5.16/logback-core-1.5.16.jar:/home/bruhlin/.m2/repository/org/jacoco/jacoco-maven-plugin/0.8.12/jacoco-maven-plugin-0.8.12.jar:/home/bruhlin/.m2/repository/org/codehaus/plexus/plexus-utils/3.0.24/plexus-utils-3.0.24.jar:/home/bruhlin/.m2/repository/org/apache/maven/shared/file-management/3.1.0/file-management-3.1.0.jar:/home/bruhlin/.m2/repository/commons-io/commons-io/2.11.0/commons-io-2.11.0.jar:/home/bruhlin/.m2/repository/org/apache/maven/reporting/maven-reporting-api/3.0/maven-reporting-api-3.0.jar:/home/bruhlin/.m2/repository/org/apache/maven/doxia/doxia-sink-api/1.0/doxia-sink-api-1.0.jar:/home/bruhlin/.m2/repository/org/jacoco/org.jacoco.agent/0.8.12/org.jacoco.agent-0.8.12-runtime.jar:/home/bruhlin/.m2/repository/org/jacoco/org.jacoco.core/0.8.12/org.jacoco.core-0.8.12.jar:/home/bruhlin/.m2/repository/org/ow2/asm/asm/9.7/asm-9.7.jar:/home/bruhlin/.m2/repository/org/ow2/asm/asm-commons/9.7/asm-commons-9.7.jar:/home/bruhlin/.m2/repository/org/ow2/asm/asm-tree/9.7/asm-tree-9.7.jar:/home/bruhlin/.m2/repository/org/jacoco/org.jacoco.report/0.8.12/org.jacoco.report-0.8.12.jar:/home/bruhlin/.m2/repository/org/sonarsource/scanner/maven/sonar-maven-plugin/5.1.0.4751/sonar-maven-plugin-5.1.0.4751.jar:/home/bruhlin/.m2/repository/org/codehaus/plexus/plexus-sec-dispatcher/2.0/plexus-sec-dispatcher-2.0.jar:/home/bruhlin/.m2/repository/org/codehaus/plexus/plexus-cipher/2.0/plexus-cipher-2.0.jar:/home/bruhlin/.m2/repository/javax/inject/javax.inject/1/javax.inject-1.jar:/home/bruhlin/.m2/repository/org/sonarsource/scanner/lib/sonar-scanner-java-library/3.3.1.450/sonar-scanner-java-library-3.3.1.450.jar:/home/bruhlin/.m2/repository/com/squareup/okhttp3/okhttp/4.12.0/okhttp-4.12.0.jar:/home/bruhlin/.m2/repository/com/squareup/okio/okio/3.6.0/okio-3.6.0.jar:/home/bruhlin/.m2/repository/com/squareup/okio/okio-jvm/3.6.0/okio-jvm-3.6.0.jar:/home/bruhlin/.m2/repository/org/jetbrains/kotlin/kotlin-stdlib-common/1.9.10/kotlin-stdlib-common-1.9.10.jar:/home/bruhlin/.m2/repository/org/jetbrains/kotlin/kotlin-stdlib-jdk8/1.8.21/kotlin-stdlib-jdk8-1.8.21.jar:/home/bruhlin/.m2/repository/org/jetbrains/kotlin/kotlin-stdlib/1.8.21/kotlin-stdlib-1.8.21.jar:/home/bruhlin/.m2/repository/org/jetbrains/annotations/13.0/annotations-13.0.jar:/home/bruhlin/.m2/repository/org/jetbrains/kotlin/kotlin-stdlib-jdk7/1.8.21/kotlin-stdlib-jdk7-1.8.21.jar:/home/bruhlin/.m2/repository/com/squareup/okhttp3/okhttp-urlconnection/4.12.0/okhttp-urlconnection-4.12.0.jar:/home/bruhlin/.m2/repository/com/squareup/okhttp3/logging-interceptor/4.12.0/logging-interceptor-4.12.0.jar:/home/bruhlin/.m2/repository/com/google/code/gson/gson/2.11.0/gson-2.11.0.jar:/home/bruhlin/.m2/repository/com/google/errorprone/error_prone_annotations/2.27.0/error_prone_annotations-2.27.0.jar:/home/bruhlin/.m2/repository/org/apache/commons/commons-compress/1.27.1/commons-compress-1.27.1.jar:/home/bruhlin/.m2/repository/commons-codec/commons-codec/1.17.1/commons-codec-1.17.1.jar:/home/bruhlin/.m2/repository/org/sonarsource/scanner/lib/sonar-scanner-java-library-batch-interface/3.3.1.450/sonar-scanner-java-library-batch-interface-3.3.1.450.jar:/home/bruhlin/.m2/repository/io/github/hakky54/sslcontext-kickstart/8.3.6/sslcontext-kickstart-8.3.6.jar:/home/bruhlin/.m2/repository/org/bouncycastle/bcprov-jdk18on/1.78.1/bcprov-jdk18on-1.78.1.jar:/home/bruhlin/.m2/repository/org/apache/commons/commons-lang3/3.14.0/commons-lang3-3.14.0.jar:/home/bruhlin/.m2/repository/org/junit/jupiter/junit-jupiter-params/5.11.0/junit-jupiter-params-5.11.0.jar:"/>
    <property name="sun.cpu.endian" value="little"/>
    <property name="user.home" value="/home/bruhlin"/>
    <property name="user.language" value="en"/>
    <property name="java.specification.vendor" value="Oracle Corporation"/>
    <property name="java.version.date" value="2025-01-21"/>
    <property name="java.home" value="/usr/lib/jvm/java-21-openjdk-amd64"/>
    <property name="file.separator" value="/"/>
    <property name="basedir" value="/mnt/c/users/João Morais/Desktop/TQS/TQS_103730/lab8/ex1"/>
    <property name="java.vm.compressedOopsMode" value="32-bit"/>
    <property name="line.separator" value="&#10;"/>
    <property name="java.vm.specification.vendor" value="Oracle Corporation"/>
    <property name="java.specification.name" value="Java Platform API Specification"/>
    <property name="surefire.real.class.path" value="/mnt/c/users/João Morais/Desktop/TQS/TQS_103730/lab8/ex1/target/surefire/surefirebooter-20250404160425149_3.jar"/>
    <property name="sun.management.compiler" value="HotSpot 64-Bit Tiered Compilers"/>
    <property name="java.runtime.version" value="21.0.6+7-Ubuntu-124.04.1"/>
    <property name="user.name" value="bruhlin"/>
    <property name="stdout.encoding" value="UTF-8"/>
    <property name="path.separator" value=":"/>
    <property name="os.version" value="5.15.90.1-microsoft-standard-WSL2"/>
    <property name="java.runtime.name" value="OpenJDK Runtime Environment"/>
    <property name="file.encoding" value="UTF-8"/>
    <property name="java.vm.name" value="OpenJDK 64-Bit Server VM"/>
    <property name="localRepository" value="/home/bruhlin/.m2/repository"/>
    <property name="java.vendor.url.bug" value="https://bugs.launchpad.net/ubuntu/+source/openjdk-21"/>
    <property name="java.io.tmpdir" value="/tmp"/>
    <property name="java.version" value="21.0.6"/>
    <property name="user.dir" value="/mnt/c/users/João Morais/Desktop/TQS/TQS_103730/lab8/ex1"/>
    <property name="os.arch" value="amd64"/>
    <property name="java.vm.specification.name" value="Java Virtual Machine Specification"/>
    <property name="native.encoding" value="UTF-8"/>
    <property name="java.library.path" value="/usr/java/packages/lib:/usr/lib/x86_64-linux-gnu/jni:/lib/x86_64-linux-gnu:/usr/lib/x86_64-linux-gnu:/usr/lib/jni:/lib:/usr/lib"/>
    <property name="stderr.encoding" value="UTF-8"/>
    <property name="java.vm.info" value="mixed mode, sharing"/>
    <property name="java.vendor" value="Ubuntu"/>
    <property name="java.vm.version" value="21.0.6+7-Ubuntu-124.04.1"/>
    <property name="sun.io.unicode.encoding" value="UnicodeLittle"/>
    <property name="java.class.version" value="65.0"/>
  </properties>
  <testcase name="testAddElement" classname="TQS.lab8.ex1.sets.BoundedSetOfNaturalsTest" time="0.008"/>
  <testcase name="testContains" classname="TQS.lab8.ex1.sets.BoundedSetOfNaturalsTest" time="0.007"/>
  <testcase name="testHashCode" classname="TQS.lab8.ex1.sets.BoundedSetOfNaturalsTest" time="0.009"/>
  <testcase name="testEquals" classname="TQS.lab8.ex1.sets.BoundedSetOfNaturalsTest" time="0.004"/>
  <testcase name="testAddFromBadArray" classname="TQS.lab8.ex1.sets.BoundedSetOfNaturalsTest" time="0.004"/>
  <testcase name="testIntersects" classname="TQS.lab8.ex1.sets.BoundedSetOfNaturalsTest" time="0.003"/>
</testsuite>